<?xml version="1.0" encoding="utf-8"?><testsuites name="pytest tests"><testsuite name="pytest" errors="0" failures="0" skipped="0" tests="138" time="87.231" timestamp="2026-02-21T21:55:12.033489+05:30" hostname="Pawans-MacBook-Air.local"><properties><property name="hypothesis-statistics-tests/e2e/auth/test_fuzz.py::TestPasswordPolicyFuzz::test_policy_never_crashes" value="dGVzdHMvZTJlL2F1dGgvdGVzdF9mdXp6LnB5OjpUZXN0UGFzc3dvcmRQb2xpY3lGdXp6Ojp0ZXN0X3BvbGljeV9uZXZlcl9jcmFzaGVzOgoKICAtIGR1cmluZyBnZW5lcmF0ZSBwaGFzZSAoMC4xMiBzZWNvbmRzKToKICAgIC0gVHlwaWNhbCBydW50aW1lczogPCAxbXMsIG9mIHdoaWNoIDwgMW1zIGluIGRhdGEgZ2VuZXJhdGlvbgogICAgLSA1MDAgcGFzc2luZyBleGFtcGxlcywgMCBmYWlsaW5nIGV4YW1wbGVzLCAwIGludmFsaWQgZXhhbXBsZXMKCiAgLSBTdG9wcGVkIGJlY2F1c2Ugc2V0dGluZ3MubWF4X2V4YW1wbGVzPTUwMA==" /><property name="hypothesis-statistics-tests/e2e/auth/test_fuzz.py::TestPasswordPolicyFuzz::test_hasher_never_crashes" value="dGVzdHMvZTJlL2F1dGgvdGVzdF9mdXp6LnB5OjpUZXN0UGFzc3dvcmRQb2xpY3lGdXp6Ojp0ZXN0X2hhc2hlcl9uZXZlcl9jcmFzaGVzOgoKICAtIGR1cmluZyBnZW5lcmF0ZSBwaGFzZSAoMC4wNiBzZWNvbmRzKToKICAgIC0gVHlwaWNhbCBydW50aW1lczogPCAxbXMsIG9mIHdoaWNoIDwgMW1zIGluIGRhdGEgZ2VuZXJhdGlvbgogICAgLSAyMDAgcGFzc2luZyBleGFtcGxlcywgMCBmYWlsaW5nIGV4YW1wbGVzLCAwIGludmFsaWQgZXhhbXBsZXMKCiAgLSBTdG9wcGVkIGJlY2F1c2Ugc2V0dGluZ3MubWF4X2V4YW1wbGVzPTIwMA==" /></properties><testcase classname="tests.e2e.auth.test_api_key_auth.TestApiKeyAuthentication" name="test_authenticate_valid_api_key" time="0.156" /><testcase classname="tests.e2e.auth.test_api_key_auth.TestApiKeyAuthentication" name="test_invalid_api_key" time="0.029" /><testcase classname="tests.e2e.auth.test_api_key_auth.TestApiKeyAuthentication" name="test_short_api_key_rejected" time="0.059" /><testcase classname="tests.e2e.auth.test_api_key_auth.TestApiKeyAuthentication" name="test_expired_api_key" time="0.079" /><testcase classname="tests.e2e.auth.test_api_key_auth.TestApiKeyAuthentication" name="test_revoked_api_key" time="0.108" /><testcase classname="tests.e2e.auth.test_api_key_auth.TestApiKeyAuthentication" name="test_scope_enforcement" time="0.029" /><testcase classname="tests.e2e.auth.test_api_key_auth.TestApiKeyAuthentication" name="test_suspended_identity_via_api_key" time="0.088" /><testcase classname="tests.e2e.auth.test_api_key_auth.TestApiKeyGeneration" name="test_generate_key_format" time="0.000" /><testcase classname="tests.e2e.auth.test_api_key_auth.TestApiKeyGeneration" name="test_hash_key_deterministic" time="0.000" /><testcase classname="tests.e2e.auth.test_api_key_auth.TestApiKeyGeneration" name="test_different_keys_different_hashes" time="0.000" /><testcase classname="tests.e2e.auth.test_authorization.TestRBAC" name="test_rbac_permission_check_allowed" time="0.000" /><testcase classname="tests.e2e.auth.test_authorization.TestRBAC" name="test_rbac_permission_check_denied" time="0.000" /><testcase classname="tests.e2e.auth.test_authorization.TestRBAC" name="test_rbac_inheritance" time="0.000" /><testcase classname="tests.e2e.auth.test_authorization.TestRBAC" name="test_rbac_admin_has_all" time="0.000" /><testcase classname="tests.e2e.auth.test_authorization.TestScopeChecker" name="test_scope_checker_satisfied" time="0.000" /><testcase classname="tests.e2e.auth.test_authorization.TestScopeChecker" name="test_scope_checker_missing" time="0.000" /><testcase classname="tests.e2e.auth.test_authorization.TestScopeChecker" name="test_scope_checker_empty_required" time="0.000" /><testcase classname="tests.e2e.auth.test_authorization.TestABACPolicies" name="test_abac_custom_policy" time="0.000" /><testcase classname="tests.e2e.auth.test_authorization.TestABACPolicies" name="test_abac_missing_policy_abstains" time="0.000" /><testcase classname="tests.e2e.auth.test_authorization.TestAuthzEngine" name="test_scope_check_raises_on_missing" time="0.000" /><testcase classname="tests.e2e.auth.test_authorization.TestAuthzEngine" name="test_scope_check_passes" time="0.000" /><testcase classname="tests.e2e.auth.test_authorization.TestAuthzEngine" name="test_role_check_raises_on_missing" time="0.006" /><testcase classname="tests.e2e.auth.test_authorization.TestAuthzEngine" name="test_role_check_passes" time="0.000" /><testcase classname="tests.e2e.auth.test_authorization.TestAuthzEngine" name="test_permission_check_raises" time="0.000" /><testcase classname="tests.e2e.auth.test_authorization.TestAuthzEngine" name="test_default_deny_when_no_policies" time="0.000" /><testcase classname="tests.e2e.auth.test_authorization.TestTenantIsolation" name="test_tenant_isolation_mismatch" time="0.000" /><testcase classname="tests.e2e.auth.test_authorization.TestTenantIsolation" name="test_tenant_isolation_match" time="0.000" /><testcase classname="tests.e2e.auth.test_authorization.TestPolicyBuilders" name="test_owner_only_policy" time="0.000" /><testcase classname="tests.e2e.auth.test_authorization.TestPolicyBuilders" name="test_admin_or_owner_policy" time="0.000" /><testcase classname="tests.e2e.auth.test_chaos.TestStoreCrashMidOperation" name="test_identity_store_crash_on_lookup" time="0.052" /><testcase classname="tests.e2e.auth.test_chaos.TestStoreCrashMidOperation" name="test_token_store_crash_on_issue" time="0.120" /><testcase classname="tests.e2e.auth.test_chaos.TestStoreCrashMidOperation" name="test_credential_store_crash_on_save" time="0.000" /><testcase classname="tests.e2e.auth.test_chaos.TestCacheCorruption" name="test_corrupt_refresh_token_data" time="0.043" /><testcase classname="tests.e2e.auth.test_chaos.TestCacheCorruption" name="test_corrupt_token_missing_fields" time="0.095" /><testcase classname="tests.e2e.auth.test_chaos.TestCacheCorruption" name="test_null_identity_in_store" time="0.000" /><testcase classname="tests.e2e.auth.test_chaos.TestTokenStoreUnavailable" name="test_revocation_check_with_broken_store" time="0.079" /><testcase classname="tests.e2e.auth.test_chaos.TestChainedFailure" name="test_corrupt_cache_then_concurrent_refresh" time="0.215" /><testcase classname="tests.e2e.auth.test_chaos.TestChainedFailure" name="test_concurrent_revoke_while_refreshing" time="0.093" /><testcase classname="tests.e2e.auth.test_fault_injection.TestRateLimiterMisconfiguration" name="test_zero_max_attempts_locks_immediately" time="0.074" /><testcase classname="tests.e2e.auth.test_fault_injection.TestPasswordPolicyEdgeCases" name="test_empty_password" time="0.000" /><testcase classname="tests.e2e.auth.test_fault_injection.TestPasswordPolicyEdgeCases" name="test_unicode_password" time="0.000" /><testcase classname="tests.e2e.auth.test_fault_injection.TestPasswordPolicyEdgeCases" name="test_very_long_password" time="0.003" /><testcase classname="tests.e2e.auth.test_fault_injection.TestPasswordPolicyEdgeCases" name="test_null_bytes_password" time="0.000" /><testcase classname="tests.e2e.auth.test_fault_injection.TestExternalServiceFailure" name="test_auth_with_store_timeout" time="1.023" /><testcase classname="tests.e2e.auth.test_fault_injection.TestTokenEdgeCases" name="test_token_with_ttl_zero" time="0.093" /><testcase classname="tests.e2e.auth.test_fault_injection.TestTokenEdgeCases" name="test_revoke_nonexistent_token" time="0.015" /><testcase classname="tests.e2e.auth.test_fuzz.TestTokenParserFuzz" name="test_random_bytes_1000" time="0.060" /><testcase classname="tests.e2e.auth.test_fuzz.TestTokenParserFuzz" name="test_massive_length_token" time="0.045" /><testcase classname="tests.e2e.auth.test_fuzz.TestTokenParserFuzz" name="test_invalid_base64_segments" time="0.072" /><testcase classname="tests.e2e.auth.test_fuzz.TestTokenParserFuzz" name="test_valid_header_random_sig" time="0.121" /><testcase classname="tests.e2e.auth.test_fuzz.TestTokenParserFuzz" name="test_empty_and_whitespace_tokens" time="0.058" /><testcase classname="tests.e2e.auth.test_fuzz.TestPKCEFuzz" name="test_random_verifiers_500" time="0.002" /><testcase classname="tests.e2e.auth.test_fuzz.TestPKCEFuzz" name="test_empty_verifier" time="0.000" /><testcase classname="tests.e2e.auth.test_fuzz.TestPKCEFuzz" name="test_null_bytes_verifier" time="0.000" /><testcase classname="tests.e2e.auth.test_fuzz.TestPasswordPolicyFuzz" name="test_policy_never_crashes" time="0.130" /><testcase classname="tests.e2e.auth.test_fuzz.TestPasswordPolicyFuzz" name="test_hasher_never_crashes" time="0.056" /><testcase classname="tests.e2e.auth.test_fuzz.TestRefreshTokenFuzz" name="test_random_refresh_tokens" time="0.116" /><testcase classname="tests.e2e.auth.test_fuzz.TestRefreshTokenFuzz" name="test_malformed_refresh_tokens" time="0.081" /><testcase classname="tests.e2e.auth.test_guards.TestAuthGuard" name="test_valid_token" time="0.108" /><testcase classname="tests.e2e.auth.test_guards.TestAuthGuard" name="test_missing_token" time="0.022" /><testcase classname="tests.e2e.auth.test_guards.TestAuthGuard" name="test_optional_missing" time="0.049" /><testcase classname="tests.e2e.auth.test_guards.TestAuthGuard" name="test_optional_invalid" time="0.027" /><testcase classname="tests.e2e.auth.test_guards.TestScopeGuard" name="test_passes" time="0.000" /><testcase classname="tests.e2e.auth.test_guards.TestScopeGuard" name="test_fails" time="0.000" /><testcase classname="tests.e2e.auth.test_guards.TestRoleGuard" name="test_any" time="0.000" /><testcase classname="tests.e2e.auth.test_guards.TestRoleGuard" name="test_all_fails" time="0.000" /><testcase classname="tests.e2e.auth.test_guards.TestRoleGuard" name="test_chain" time="0.068" /><testcase classname="tests.e2e.auth.test_mfa.TestTOTPEnrollmentAndVerification" name="test_totp_enroll_and_verify" time="0.001" /><testcase classname="tests.e2e.auth.test_mfa.TestTOTPEnrollmentAndVerification" name="test_totp_invalid_code" time="0.000" /><testcase classname="tests.e2e.auth.test_mfa.TestTOTPEnrollmentAndVerification" name="test_totp_time_window" time="0.000" /><testcase classname="tests.e2e.auth.test_mfa.TestTOTPEnrollmentAndVerification" name="test_totp_out_of_window" time="0.000" /><testcase classname="tests.e2e.auth.test_mfa.TestBackupCodes" name="test_backup_code_verify" time="0.000" /><testcase classname="tests.e2e.auth.test_mfa.TestBackupCodes" name="test_invalid_backup_code" time="0.000" /><testcase classname="tests.e2e.auth.test_mfa.TestBackupCodes" name="test_backup_code_consumes_on_use" time="0.000" /><testcase classname="tests.e2e.auth.test_mfa.TestProvisioningURI" name="test_provisioning_uri_format" time="0.000" /><testcase classname="tests.e2e.auth.test_mfa.TestProvisioningURI" name="test_backup_codes_format" time="0.000" /><testcase classname="tests.e2e.auth.test_oauth2_flows.TestAuthorizationCodeFlow" name="test_full_auth_code_flow" time="0.122" /><testcase classname="tests.e2e.auth.test_oauth2_flows.TestAuthorizationCodeFlow" name="test_pkce_verification_failure" time="0.016" /><testcase classname="tests.e2e.auth.test_oauth2_flows.TestAuthorizationCodeFlow" name="test_authorization_code_reuse" time="0.110" /><testcase classname="tests.e2e.auth.test_oauth2_flows.TestAuthorizationCodeFlow" name="test_redirect_uri_mismatch" time="0.044" /><testcase classname="tests.e2e.auth.test_oauth2_flows.TestAuthorizationCodeFlow" name="test_invalid_scope_request" time="0.036" /><testcase classname="tests.e2e.auth.test_oauth2_flows.TestClientCredentialsGrant" name="test_client_credentials_grant" time="0.094" /><testcase classname="tests.e2e.auth.test_oauth2_flows.TestDeviceFlow" name="test_device_authorization_flow" time="0.111" /><testcase classname="tests.e2e.auth.test_oauth2_flows.TestPKCEUtilities" name="test_code_verifier_length" time="0.000" /><testcase classname="tests.e2e.auth.test_oauth2_flows.TestPKCEUtilities" name="test_code_challenge_s256" time="0.000" /><testcase classname="tests.e2e.auth.test_oauth2_flows.TestPKCEUtilities" name="test_pkce_roundtrip_verification" time="0.000" /><testcase classname="tests.e2e.auth.test_oauth2_flows.TestPKCEUtilities" name="test_pkce_wrong_verifier_fails" time="0.000" /><testcase classname="tests.e2e.auth.test_password_auth.TestPasswordAuthentication" name="test_authenticate_valid_credentials" time="0.132" /><testcase classname="tests.e2e.auth.test_password_auth.TestPasswordAuthentication" name="test_authenticate_by_username" time="0.128" /><testcase classname="tests.e2e.auth.test_password_auth.TestPasswordAuthentication" name="test_authenticate_wrong_password" time="0.034" /><testcase classname="tests.e2e.auth.test_password_auth.TestPasswordAuthentication" name="test_authenticate_nonexistent_user" time="0.054" /><testcase classname="tests.e2e.auth.test_password_auth.TestPasswordAuthentication" name="test_authenticate_suspended_user" time="0.025" /><testcase classname="tests.e2e.auth.test_password_auth.TestPasswordAuthentication" name="test_authenticate_deleted_user" time="0.084" /><testcase classname="tests.e2e.auth.test_password_auth.TestPasswordAuthentication" name="test_password_rehash_on_login" time="0.085" /><testcase classname="tests.e2e.auth.test_password_auth.TestPasswordAuthentication" name="test_session_id_generated_on_login" time="0.176" /><testcase classname="tests.e2e.auth.test_password_auth.TestPasswordAuthentication" name="test_mfa_required_blocks_login" time="0.096" /><testcase classname="tests.e2e.auth.test_password_auth.TestPasswordAuthentication" name="test_custom_scopes_in_token" time="0.087" /><testcase classname="tests.e2e.auth.test_rate_limiting.TestRateLimiting" name="test_lockout_after_max_attempts" time="0.049" /><testcase classname="tests.e2e.auth.test_rate_limiting.TestRateLimiting" name="test_reset_on_success" time="0.178" /><testcase classname="tests.e2e.auth.test_rate_limiting.TestRateLimiting" name="test_remaining_attempts_decrement" time="0.000" /><testcase classname="tests.e2e.auth.test_rate_limiting.TestRateLimiting" name="test_is_locked_out" time="0.000" /><testcase classname="tests.e2e.auth.test_rate_limiting.TestRateLimiting" name="test_lockout_expiration" time="6.099" /><testcase classname="tests.e2e.auth.test_regression_sequences.TestLoginLogoutCycle" name="test_full_cycle" time="0.158" /><testcase classname="tests.e2e.auth.test_regression_sequences.TestPasswordChange" name="test_password_change_invalidates_session" time="0.139" /><testcase classname="tests.e2e.auth.test_regression_sequences.TestApiKeyAuthzSequence" name="test_api_key_with_authz" time="0.037" /><testcase classname="tests.e2e.auth.test_regression_sequences.TestOAuth2PKCESequence" name="test_oauth2_e2e" time="0.158" /><testcase classname="tests.e2e.auth.test_regression_sequences.TestKeyRotationSequence" name="test_key_rotation_e2e" time="0.295" /><testcase classname="tests.e2e.auth.test_regression_sequences.TestMultiTenantIsolation" name="test_tenant_isolation" time="0.098" /><testcase classname="tests.e2e.auth.test_session_integration.TestIdentityStoreCRUD" name="test_create_and_get" time="0.001" /><testcase classname="tests.e2e.auth.test_session_integration.TestIdentityStoreCRUD" name="test_get_nonexistent" time="0.001" /><testcase classname="tests.e2e.auth.test_session_integration.TestIdentityStoreCRUD" name="test_get_by_attribute" time="0.001" /><testcase classname="tests.e2e.auth.test_session_integration.TestIdentityStoreCRUD" name="test_update" time="0.001" /><testcase classname="tests.e2e.auth.test_session_integration.TestIdentityStoreCRUD" name="test_delete_soft_deletes" time="0.001" /><testcase classname="tests.e2e.auth.test_session_integration.TestCredentialStoreCRUD" name="test_password_save_and_get" time="0.001" /><testcase classname="tests.e2e.auth.test_session_integration.TestCredentialStoreCRUD" name="test_api_key_save_and_get" time="0.001" /><testcase classname="tests.e2e.auth.test_session_integration.TestSessionTokenBinding" name="test_login_creates_session" time="0.150" /><testcase classname="tests.e2e.auth.test_session_integration.TestSessionTokenBinding" name="test_token_claims_contain_sid" time="0.122" /><testcase classname="tests.e2e.auth.test_session_integration.TestSessionTokenBinding" name="test_refresh_token_tracks_session" time="0.055" /><testcase classname="tests.e2e.auth.test_session_integration.TestSessionTokenBinding" name="test_logout_revokes_session_tokens" time="0.023" /><testcase classname="tests.e2e.auth.test_stress.TestConcurrentLoginRefresh" name="test_200_concurrent_login_refresh" time="20.239" /><testcase classname="tests.e2e.auth.test_stress.TestTokenValidationThroughput" name="test_validate_1000_tokens" time="52.543" /><testcase classname="tests.e2e.auth.test_stress.TestConcurrentTokenRevocation" name="test_concurrent_revoke_100" time="0.042" /><testcase classname="tests.e2e.auth.test_stress.TestConcurrentPasswordReset" name="test_concurrent_wrong_passwords" time="0.026" /><testcase classname="tests.e2e.auth.test_stress.TestSessionFixation" name="test_forged_session_ignored" time="0.226" /><testcase classname="tests.e2e.auth.test_stress.TestDuplicateRegistration" name="test_duplicate_identity_id" time="0.001" /><testcase classname="tests.e2e.auth.test_stress.TestMemoryPressure" name="test_10000_tokens_then_operate" time="0.181" /><testcase classname="tests.e2e.auth.test_token_lifecycle.TestTokenIssuance" name="test_issue_and_validate_access_token" time="0.137" /><testcase classname="tests.e2e.auth.test_token_lifecycle.TestTokenIssuance" name="test_access_token_expiration" time="0.082" /><testcase classname="tests.e2e.auth.test_token_lifecycle.TestTokenIssuance" name="test_malformed_token_rejected" time="0.072" /><testcase classname="tests.e2e.auth.test_token_lifecycle.TestRefreshTokenLifecycle" name="test_refresh_token_roundtrip" time="0.038" /><testcase classname="tests.e2e.auth.test_token_lifecycle.TestRefreshTokenLifecycle" name="test_refresh_token_rotation" time="0.087" /><testcase classname="tests.e2e.auth.test_token_lifecycle.TestRefreshTokenLifecycle" name="test_invalid_refresh_token" time="0.016" /><testcase classname="tests.e2e.auth.test_token_lifecycle.TestTokenRevocation" name="test_revoke_refresh_token" time="0.078" /><testcase classname="tests.e2e.auth.test_token_lifecycle.TestTokenRevocation" name="test_revoked_refresh_cannot_be_used" time="0.078" /><testcase classname="tests.e2e.auth.test_token_lifecycle.TestTokenRevocation" name="test_revoke_tokens_by_identity" time="0.024" /><testcase classname="tests.e2e.auth.test_token_lifecycle.TestTokenRevocation" name="test_revoke_tokens_by_session" time="0.074" /><testcase classname="tests.e2e.auth.test_token_lifecycle.TestKeyRotation" name="test_key_rotation_old_tokens_still_verify" time="0.258" /><testcase classname="tests.e2e.auth.test_token_lifecycle.TestKeyRotation" name="test_revoked_key_rejects_token" time="0.266" /></testsuite></testsuites>