<?xml version="1.0" encoding="utf-8"?><testsuites name="pytest tests"><testsuite name="pytest" errors="0" failures="0" skipped="0" tests="101" time="0.220" timestamp="2026-02-22T05:47:37.755728+05:30" hostname="Pawans-MacBook-Air.local"><testcase classname="tests.e2e.di.test_di_chaos.TestDIChaosFactoryIntermittentFailure" name="test_intermittent_factory_errors_handled" time="0.002" /><testcase classname="tests.e2e.di.test_di_chaos.TestDIChaosProviderInitFailure" name="test_failed_init_cleans_up" time="0.000" /><testcase classname="tests.e2e.di.test_di_chaos.TestDIChaosProviderInitFailure" name="test_container_usable_after_init_crash" time="0.000" /><testcase classname="tests.e2e.di.test_di_chaos.TestDIChaosHarnessFailureInjection" name="test_inject_failure_then_restore" time="0.000" /><testcase classname="tests.e2e.di.test_di_chaos.TestDIChaosHarnessFailureInjection" name="test_concurrent_resolve_during_failure_injection" time="0.001" /><testcase classname="tests.e2e.di.test_di_concurrency.TestDI09ConcurrencyStress" name="test_500_concurrent_singleton_resolves_same_instance" time="0.001" /><testcase classname="tests.e2e.di.test_di_concurrency.TestDI09ConcurrencyStress" name="test_concurrent_request_scopes_isolated" time="0.001" /><testcase classname="tests.e2e.di.test_di_concurrency.TestDI09ConcurrencyStress" name="test_mixed_singleton_and_transient_under_load" time="0.001" /><testcase classname="tests.e2e.di.test_di_concurrency.TestDI09ConcurrencyStress" name="test_concurrent_register_and_resolve" time="0.001" /><testcase classname="tests.e2e.di.test_di_concurrency.TestDI09ConcurrencyStress" name="test_concurrent_shutdown_does_not_crash" time="0.001" /><testcase classname="tests.e2e.di.test_di_controller_integration.TestDI12ControllerIntegration" name="test_controller_factory_injects_dependencies" time="0.000" /><testcase classname="tests.e2e.di.test_di_controller_integration.TestDI12ControllerIntegration" name="test_controller_uses_overridden_service" time="0.000" /><testcase classname="tests.e2e.di.test_di_controller_integration.TestDI12ControllerIntegration" name="test_singleton_controller_same_instance" time="0.000" /><testcase classname="tests.e2e.di.test_di_controller_integration.TestDI12ControllerIntegration" name="test_controller_missing_dependency_fails_clearly" time="0.000" /><testcase classname="tests.e2e.di.test_di_controller_integration.TestDI13BackgroundWorkerContext" name="test_providers_resolve_outside_request_scope" time="0.000" /><testcase classname="tests.e2e.di.test_di_controller_integration.TestDI13BackgroundWorkerContext" name="test_worker_gets_singleton_same_as_http_handlers" time="0.000" /><testcase classname="tests.e2e.di.test_di_controller_integration.TestDI13BackgroundWorkerContext" name="test_multiple_workers_concurrent_resolution" time="0.000" /><testcase classname="tests.e2e.di.test_di_controller_integration.TestDI13BackgroundWorkerContext" name="test_worker_restart_gets_fresh_transient" time="0.000" /><testcase classname="tests.e2e.di.test_di_errors.TestDI05FactoryProviderErrors" name="test_factory_that_raises_propagates_error" time="0.000" /><testcase classname="tests.e2e.di.test_di_errors.TestDI05FactoryProviderErrors" name="test_failed_factory_does_not_cache_partial_instance" time="0.000" /><testcase classname="tests.e2e.di.test_di_errors.TestDI05FactoryProviderErrors" name="test_container_recovers_after_factory_error" time="0.000" /><testcase classname="tests.e2e.di.test_di_errors.TestDI06MissingBinding" name="test_resolve_missing_token_raises" time="0.000" /><testcase classname="tests.e2e.di.test_di_errors.TestDI06MissingBinding" name="test_resolve_missing_with_optional_returns_none" time="0.000" /><testcase classname="tests.e2e.di.test_di_errors.TestDI06MissingBinding" name="test_missing_provider_suggests_candidates" time="0.000" /><testcase classname="tests.e2e.di.test_di_errors.TestDI06MissingBinding" name="test_is_registered_returns_false_for_missing" time="0.000" /><testcase classname="tests.e2e.di.test_di_errors.TestDI06MissingBinding" name="test_is_registered_returns_true_for_existing" time="0.000" /><testcase classname="tests.e2e.di.test_di_errors.TestDI07CircularDependency" name="test_graph_detects_simple_cycle" time="0.000" /><testcase classname="tests.e2e.di.test_di_errors.TestDI07CircularDependency" name="test_graph_detects_three_node_cycle" time="0.000" /><testcase classname="tests.e2e.di.test_di_errors.TestDI07CircularDependency" name="test_no_false_cycle_in_acyclic_graph" time="0.000" /><testcase classname="tests.e2e.di.test_di_errors.TestDI07CircularDependency" name="test_topological_sort_raises_on_cycle" time="0.000" /><testcase classname="tests.e2e.di.test_di_errors.TestDI07CircularDependency" name="test_self_loop_detected" time="0.000" /><testcase classname="tests.e2e.di.test_di_errors.TestDI07CircularDependency" name="test_resolve_ctx_detects_runtime_cycle" time="0.000" /><testcase classname="tests.e2e.di.test_di_fuzz.TestDIFuzzTokenNames" name="test_register_and_resolve_fuzz_token['']" time="0.000" /><testcase classname="tests.e2e.di.test_di_fuzz.TestDIFuzzTokenNames" name="test_register_and_resolve_fuzz_token[' ']" time="0.000" /><testcase classname="tests.e2e.di.test_di_fuzz.TestDIFuzzTokenNames" name="test_register_and_resolve_fuzz_token['\\n\\t\\r']" time="0.000" /><testcase classname="tests.e2e.di.test_di_fuzz.TestDIFuzzTokenNames" name="test_register_and_resolve_fuzz_token['aaaaaaaaaaaaaaaaaaaaaaaaaaaaa]" time="0.000" /><testcase classname="tests.e2e.di.test_di_fuzz.TestDIFuzzTokenNames" name="test_register_and_resolve_fuzz_token['token\\x00null']" time="0.000" /><testcase classname="tests.e2e.di.test_di_fuzz.TestDIFuzzTokenNames" name="test_register_and_resolve_fuzz_token['\u65e5\u672c\u8a9e\u30c8\u30fc\u30af\u30f3']" time="0.000" /><testcase classname="tests.e2e.di.test_di_fuzz.TestDIFuzzTokenNames" name="test_register_and_resolve_fuzz_token['&lt;script&gt;alert(1)&lt;/script&gt;']" time="0.000" /><testcase classname="tests.e2e.di.test_di_fuzz.TestDIFuzzTokenNames" name="test_register_and_resolve_fuzz_token[&quot;'; DROP TABLE providers;&quot;]" time="0.000" /><testcase classname="tests.e2e.di.test_di_fuzz.TestDIFuzzTokenNames" name="test_register_and_resolve_fuzz_token['${jndi:ldap://evil}']" time="0.000" /><testcase classname="tests.e2e.di.test_di_fuzz.TestDIFuzzTokenNames" name="test_register_and_resolve_fuzz_token['token#with#hash']" time="0.000" /><testcase classname="tests.e2e.di.test_di_fuzz.TestDIFuzzTokenNames" name="test_register_and_resolve_fuzz_token['token\\nwith\\nnewlines']" time="0.000" /><testcase classname="tests.e2e.di.test_di_fuzz.TestDIFuzzTokenNames" name="test_register_and_resolve_fuzz_token['../../../etc/passwd']" time="0.000" /><testcase classname="tests.e2e.di.test_di_fuzz.TestDIFuzzTokenNames" name="test_register_and_resolve_fuzz_token['AAAAAAAAAAAAAAAAAAAAAAAAAAAAA]" time="0.000" /><testcase classname="tests.e2e.di.test_di_fuzz.TestDIFuzzTokenNames" name="test_resolve_missing_fuzz_token['']" time="0.000" /><testcase classname="tests.e2e.di.test_di_fuzz.TestDIFuzzTokenNames" name="test_resolve_missing_fuzz_token[' ']" time="0.000" /><testcase classname="tests.e2e.di.test_di_fuzz.TestDIFuzzTokenNames" name="test_resolve_missing_fuzz_token['\\n\\t\\r']" time="0.000" /><testcase classname="tests.e2e.di.test_di_fuzz.TestDIFuzzTokenNames" name="test_resolve_missing_fuzz_token['aaaaaaaaaaaaaaaaaaaaaaaaaaaaa]" time="0.000" /><testcase classname="tests.e2e.di.test_di_fuzz.TestDIFuzzTokenNames" name="test_resolve_missing_fuzz_token['token\\x00null']" time="0.000" /><testcase classname="tests.e2e.di.test_di_fuzz.TestDIFuzzTokenNames" name="test_resolve_missing_fuzz_token['\u65e5\u672c\u8a9e\u30c8\u30fc\u30af\u30f3']" time="0.000" /><testcase classname="tests.e2e.di.test_di_fuzz.TestDIFuzzTokenNames" name="test_resolve_missing_fuzz_token['&lt;script&gt;alert(1)&lt;/script&gt;']" time="0.000" /><testcase classname="tests.e2e.di.test_di_fuzz.TestDIFuzzTokenNames" name="test_resolve_missing_fuzz_token[&quot;'; DROP TABLE providers;&quot;]" time="0.000" /><testcase classname="tests.e2e.di.test_di_fuzz.TestDIFuzzTokenNames" name="test_resolve_missing_fuzz_token['${jndi:ldap://evil}']" time="0.000" /><testcase classname="tests.e2e.di.test_di_fuzz.TestDIFuzzTokenNames" name="test_resolve_missing_fuzz_token['token#with#hash']" time="0.000" /><testcase classname="tests.e2e.di.test_di_fuzz.TestDIFuzzTokenNames" name="test_resolve_missing_fuzz_token['token\\nwith\\nnewlines']" time="0.000" /><testcase classname="tests.e2e.di.test_di_fuzz.TestDIFuzzTokenNames" name="test_resolve_missing_fuzz_token['../../../etc/passwd']" time="0.000" /><testcase classname="tests.e2e.di.test_di_fuzz.TestDIFuzzTokenNames" name="test_resolve_missing_fuzz_token['AAAAAAAAAAAAAAAAAAAAAAAAAAAAA]" time="0.000" /><testcase classname="tests.e2e.di.test_di_fuzz.TestDIFuzzProviderMetadata" name="test_provider_meta_with_empty_name" time="0.000" /><testcase classname="tests.e2e.di.test_di_fuzz.TestDIFuzzProviderMetadata" name="test_provider_meta_with_very_long_token" time="0.000" /><testcase classname="tests.e2e.di.test_di_fuzz.TestDIFuzzProviderMetadata" name="test_provider_meta_with_unknown_scope" time="0.000" /><testcase classname="tests.e2e.di.test_di_fuzz.TestDIFuzzProviderMetadata" name="test_provider_meta_serialization_round_trip" time="0.000" /><testcase classname="tests.e2e.di.test_di_fuzz.TestDIFuzzCacheKeyCollisions" name="test_token_with_hash_collides_with_tagged" time="0.001" /><testcase classname="tests.e2e.di.test_di_fuzz.TestDIFuzzCacheKeyCollisions" name="test_non_hash_tokens_no_collision" time="0.000" /><testcase classname="tests.e2e.di.test_di_lifecycle.TestDI04LifecycleHooks" name="test_startup_hooks_run_in_priority_order" time="0.000" /><testcase classname="tests.e2e.di.test_di_lifecycle.TestDI04LifecycleHooks" name="test_shutdown_hooks_run_in_priority_order" time="0.000" /><testcase classname="tests.e2e.di.test_di_lifecycle.TestDI04LifecycleHooks" name="test_finalizers_run_lifo" time="0.000" /><testcase classname="tests.e2e.di.test_di_lifecycle.TestDI04LifecycleHooks" name="test_finalizers_run_fifo" time="0.000" /><testcase classname="tests.e2e.di.test_di_lifecycle.TestDI04LifecycleHooks" name="test_finalizers_run_parallel" time="0.000" /><testcase classname="tests.e2e.di.test_di_lifecycle.TestDI04LifecycleHooks" name="test_shutdown_hook_failure_does_not_block_others" time="0.000" /><testcase classname="tests.e2e.di.test_di_lifecycle.TestDI04LifecycleHooks" name="test_lifecycle_context_manager" time="0.000" /><testcase classname="tests.e2e.di.test_di_lifecycle.TestDI04LifecycleHooks" name="test_container_lifecycle_integration" time="0.000" /><testcase classname="tests.e2e.di.test_di_lifecycle.TestDI04LifecycleHooks" name="test_clear_removes_all_hooks" time="0.000" /><testcase classname="tests.e2e.di.test_di_lifecycle.TestDI11AsyncProviderInitTeardown" name="test_async_init_service_completes" time="0.011" /><testcase classname="tests.e2e.di.test_di_lifecycle.TestDI11AsyncProviderInitTeardown" name="test_no_hung_tasks_after_container_shutdown" time="0.006" /><testcase classname="tests.e2e.di.test_di_overrides.TestDI08OverrideInTests" name="test_override_replaces_resolved_value" time="0.000" /><testcase classname="tests.e2e.di.test_di_overrides.TestDI08OverrideInTests" name="test_override_tracks_access_count" time="0.000" /><testcase classname="tests.e2e.di.test_di_overrides.TestDI08OverrideInTests" name="test_nested_overrides_restore_correctly" time="0.000" /><testcase classname="tests.e2e.di.test_di_overrides.TestDI08OverrideInTests" name="test_spy_provider_tracks_calls" time="0.000" /><testcase classname="tests.e2e.di.test_di_overrides.TestDI08OverrideInTests" name="test_harness_override_and_restore" time="0.000" /><testcase classname="tests.e2e.di.test_di_overrides.TestDI10HotRebind" name="test_replacing_provider_uses_new_impl" time="0.000" /><testcase classname="tests.e2e.di.test_di_overrides.TestDI10HotRebind" name="test_rebind_invalidates_cache" time="0.000" /><testcase classname="tests.e2e.di.test_di_overrides.TestDI10HotRebind" name="test_rebind_in_test_container_no_error" time="0.000" /><testcase classname="tests.e2e.di.test_di_overrides.TestDI10HotRebind" name="test_rebind_singleton_propagates_to_request_scopes_immediately" time="0.000" /><testcase classname="tests.e2e.di.test_di_overrides.TestDI10HotRebind" name="test_rebind_request_scoped_caches_per_child" time="0.000" /><testcase classname="tests.e2e.di.test_di_resolution.TestDI01ProviderResolution" name="test_value_provider_resolves_to_correct_instance" time="0.000" /><testcase classname="tests.e2e.di.test_di_resolution.TestDI01ProviderResolution" name="test_value_provider_method_works" time="0.000" /><testcase classname="tests.e2e.di.test_di_resolution.TestDI01ProviderResolution" name="test_class_provider_creates_instance" time="0.001" /><testcase classname="tests.e2e.di.test_di_resolution.TestDI01ProviderResolution" name="test_mock_provider_resolves" time="0.000" /><testcase classname="tests.e2e.di.test_di_resolution.TestDI02SingletonVsTransient" name="test_singleton_returns_same_instance" time="0.000" /><testcase classname="tests.e2e.di.test_di_resolution.TestDI02SingletonVsTransient" name="test_transient_returns_different_instances" time="0.000" /><testcase classname="tests.e2e.di.test_di_resolution.TestDI02SingletonVsTransient" name="test_singleton_same_across_request_scopes" time="0.000" /><testcase classname="tests.e2e.di.test_di_resolution.TestDI03RequestScoped" name="test_request_scope_unique_per_request" time="0.000" /><testcase classname="tests.e2e.di.test_di_resolution.TestDI03RequestScoped" name="test_request_scope_cleaned_on_shutdown" time="0.000" /><testcase classname="tests.e2e.di.test_di_resolution.TestDI03RequestScoped" name="test_concurrent_request_scopes_isolated" time="0.011" /><testcase classname="tests.e2e.controllers.test_controller_di_stress.TestControllerDISlowProvider" name="test_slow_provider_concurrent_requests" time="0.053" /><testcase classname="tests.e2e.controllers.test_controller_di_stress.TestControllerDIMissingProvider" name="test_removed_provider_causes_clear_error" time="0.000" /><testcase classname="tests.e2e.controllers.test_controller_di_stress.TestControllerDIMissingProvider" name="test_recovery_after_rebind" time="0.000" /><testcase classname="tests.e2e.controllers.test_controller_di_stress.TestControllerDICorruptedCache" name="test_corrupted_cache_returns_stale_value" time="0.000" /><testcase classname="tests.e2e.controllers.test_controller_di_stress.TestControllerDICorruptedCache" name="test_cache_clear_forces_fresh_resolve" time="0.000" /><testcase classname="tests.e2e.controllers.test_controller_di_stress.TestControllerDICorruptedCache" name="test_corrupted_cache_in_request_scope" time="0.001" /></testsuite></testsuites>